<?xml version="1.0" encoding="UTF-8"?>
<testng-results ignored="2" total="4" passed="2" failed="0" skipped="0">
  <reporter-output>
  </reporter-output>
  <suite started-at="2023-04-23T05:50:06Z" name="Sanity" finished-at="2023-04-23T05:50:06Z" duration-ms="18">
    <groups>
      <group name="regression">
        <method signature="HomeLoanTest.test2()[pri:0, instance:testcases.HomeLoanTest@5e3d57c7]" name="test2" class="testcases.HomeLoanTest"/>
      </group> <!-- regression -->
      <group name="sanity">
        <method signature="CreditCardTest.test4()[pri:0, instance:testcases.CreditCardTest@732d0d24]" name="test4" class="testcases.CreditCardTest"/>
        <method signature="HomeLoanTest.test2()[pri:0, instance:testcases.HomeLoanTest@5e3d57c7]" name="test2" class="testcases.HomeLoanTest"/>
      </group> <!-- sanity -->
    </groups>
    <test started-at="2023-04-23T05:50:06Z" name="Test" finished-at="2023-04-23T05:50:06Z" duration-ms="18">
      <class name="testcases.CreditCardTest">
        <test-method signature="test4()[pri:0, instance:testcases.CreditCardTest@732d0d24]" started-at="2023-04-23T05:50:06Z" name="test4" finished-at="2023-04-23T05:50:06Z" duration-ms="1" status="PASS">
          <reporter-output>
          </reporter-output>
        </test-method> <!-- test4 -->
      </class> <!-- testcases.CreditCardTest -->
      <class name="testcases.HomeLoanTest">
        <test-method signature="test2()[pri:0, instance:testcases.HomeLoanTest@5e3d57c7]" started-at="2023-04-23T05:50:06Z" name="test2" finished-at="2023-04-23T05:50:06Z" duration-ms="5" status="PASS">
          <reporter-output>
          </reporter-output>
        </test-method> <!-- test2 -->
      </class> <!-- testcases.HomeLoanTest -->
    </test> <!-- Test -->
  </suite> <!-- Sanity -->
</testng-results>
